Starting Nmap 7.91 ( https://nmap.org ) at 2021-06-15 16:13 EDT
Nmap scan report for 10.10.10.239
Host is up (0.048s latency).
Not shown: 993 closed ports
PORT     STATE SERVICE      VERSION
80/tcp   open  http         Apache httpd 2.4.46 ((Win64) OpenSSL/1.1.1j PHP/7.3.27)
| http-cookie-flags: 
|   /: 
|     PHPSESSID: 
|_      httponly flag not set
|_http-server-header: Apache/2.4.46 (Win64) OpenSSL/1.1.1j PHP/7.3.27
|_http-title: Voting System using PHP
135/tcp  open  msrpc        Microsoft Windows RPC
139/tcp  open  netbios-ssn  Microsoft Windows netbios-ssn
443/tcp  open  ssl/http     Apache httpd 2.4.46 (OpenSSL/1.1.1j PHP/7.3.27)
|_http-server-header: Apache/2.4.46 (Win64) OpenSSL/1.1.1j PHP/7.3.27
|_http-title: 403 Forbidden
| ssl-cert: Subject: commonName=staging.love.htb/organizationName=ValentineCorp/stateOrProvinceName=m/countryName=in
| Not valid before: 2021-01-18T14:00:16
|_Not valid after:  2022-01-18T14:00:16
|_ssl-date: TLS randomness does not represent time
| tls-alpn: 
|_  http/1.1
445/tcp  open  microsoft-ds Windows 10 Pro 19042 microsoft-ds (workgroup: WORKGROUP)
3306/tcp open  mysql?
| fingerprint-strings: 
|   FourOhFourRequest, HTTPOptions, LDAPSearchReq, NotesRPC, SSLSessionReq, TerminalServer, TerminalServerCookie, WMSRequest, afp, giop, ms-sql-s: 
|_    Host '10.10.14.215' is not allowed to connect to this MariaDB server
5000/tcp open  http         Apache httpd 2.4.46 (OpenSSL/1.1.1j PHP/7.3.27)
|_http-server-header: Apache/2.4.46 (Win64) OpenSSL/1.1.1j PHP/7.3.27
|_http-title: 403 Forbidden
1 service unrecognized despite returning data. If you know the service/version, please submit the following fingerprint at https://nmap.org/cgi-bin/submit.cgi?new-service :
SF-Port3306-TCP:V=7.91%I=7%D=6/15%Time=60C909EB%P=x86_64-pc-linux-gnu%r(HT
SF:TPOptions,4B,"G\0\0\x01\xffj\x04Host\x20'10\.10\.14\.215'\x20is\x20not\
SF:x20allowed\x20to\x20connect\x20to\x20this\x20MariaDB\x20server")%r(SSLS
SF:essionReq,4B,"G\0\0\x01\xffj\x04Host\x20'10\.10\.14\.215'\x20is\x20not\
SF:x20allowed\x20to\x20connect\x20to\x20this\x20MariaDB\x20server")%r(Term
SF:inalServerCookie,4B,"G\0\0\x01\xffj\x04Host\x20'10\.10\.14\.215'\x20is\
SF:x20not\x20allowed\x20to\x20connect\x20to\x20this\x20MariaDB\x20server")
SF:%r(FourOhFourRequest,4B,"G\0\0\x01\xffj\x04Host\x20'10\.10\.14\.215'\x2
SF:0is\x20not\x20allowed\x20to\x20connect\x20to\x20this\x20MariaDB\x20serv
SF:er")%r(LDAPSearchReq,4B,"G\0\0\x01\xffj\x04Host\x20'10\.10\.14\.215'\x2
SF:0is\x20not\x20allowed\x20to\x20connect\x20to\x20this\x20MariaDB\x20serv
SF:er")%r(TerminalServer,4B,"G\0\0\x01\xffj\x04Host\x20'10\.10\.14\.215'\x
SF:20is\x20not\x20allowed\x20to\x20connect\x20to\x20this\x20MariaDB\x20ser
SF:ver")%r(NotesRPC,4B,"G\0\0\x01\xffj\x04Host\x20'10\.10\.14\.215'\x20is\
SF:x20not\x20allowed\x20to\x20connect\x20to\x20this\x20MariaDB\x20server")
SF:%r(WMSRequest,4B,"G\0\0\x01\xffj\x04Host\x20'10\.10\.14\.215'\x20is\x20
SF:not\x20allowed\x20to\x20connect\x20to\x20this\x20MariaDB\x20server")%r(
SF:ms-sql-s,4B,"G\0\0\x01\xffj\x04Host\x20'10\.10\.14\.215'\x20is\x20not\x
SF:20allowed\x20to\x20connect\x20to\x20this\x20MariaDB\x20server")%r(afp,4
SF:B,"G\0\0\x01\xffj\x04Host\x20'10\.10\.14\.215'\x20is\x20not\x20allowed\
SF:x20to\x20connect\x20to\x20this\x20MariaDB\x20server")%r(giop,4B,"G\0\0\
SF:x01\xffj\x04Host\x20'10\.10\.14\.215'\x20is\x20not\x20allowed\x20to\x20
SF:connect\x20to\x20this\x20MariaDB\x20server");
Service Info: Hosts: www.example.com, LOVE, www.love.htb; OS: Windows; CPE: cpe:/o:microsoft:windows

Host script results:
|_clock-skew: mean: 2h53m23s, deviation: 4h02m31s, median: 33m21s
| smb-os-discovery: 
|   OS: Windows 10 Pro 19042 (Windows 10 Pro 6.3)
|   OS CPE: cpe:/o:microsoft:windows_10::-
|   Computer name: Love
|   NetBIOS computer name: LOVE\x00
|   Workgroup: WORKGROUP\x00
|_  System time: 2021-06-15T13:47:00-07:00
| smb-security-mode: 
|   account_used: guest
|   authentication_level: user
|   challenge_response: supported
|_  message_signing: disabled (dangerous, but default)
| smb2-security-mode: 
|   2.02: 
|_    Message signing enabled but not required
| smb2-time: 
|   date: 2021-06-15T20:46:58
|_  start_date: N/A

Service detection performed. Please report any incorrect results at https://nmap.org/submit/ .
Nmap done: 1 IP address (1 host up) scanned in 27.95 seconds
