Starting Nmap 7.91 ( https://nmap.org ) at 2021-05-30 17:23 EDT
Nmap scan report for 10.10.10.27
Host is up (0.065s latency).
Not shown: 996 closed ports
PORT     STATE SERVICE      VERSION
135/tcp  open  msrpc        Microsoft Windows RPC
139/tcp  open  netbios-ssn  Microsoft Windows netbios-ssn
445/tcp  open  microsoft-ds Windows Server 2019 Standard 17763 microsoft-ds
1433/tcp open  ms-sql-s     Microsoft SQL Server 2017 14.00.1000.00; RTM
| ms-sql-ntlm-info: 
|   Target_Name: ARCHETYPE
|   NetBIOS_Domain_Name: ARCHETYPE
|   NetBIOS_Computer_Name: ARCHETYPE
|   DNS_Domain_Name: Archetype
|   DNS_Computer_Name: Archetype
|_  Product_Version: 10.0.17763
| ssl-cert: Subject: commonName=SSL_Self_Signed_Fallback
| Not valid before: 2021-05-30T20:15:48
|_Not valid after:  2051-05-30T20:15:48
|_ssl-date: 2021-05-30T21:46:22+00:00; +22m38s from scanner time.
Service Info: OSs: Windows, Windows Server 2008 R2 - 2012; CPE: cpe:/o:microsoft:windows

Host script results:
|_clock-skew: mean: 1h46m39s, deviation: 3h07m51s, median: 22m38s
| ms-sql-info: 
|   10.10.10.27:1433: 
|     Version: 
|       name: Microsoft SQL Server 2017 RTM
|       number: 14.00.1000.00
|       Product: Microsoft SQL Server 2017
|       Service pack level: RTM
|       Post-SP patches applied: false
|_    TCP port: 1433
| smb-os-discovery: 
|   OS: Windows Server 2019 Standard 17763 (Windows Server 2019 Standard 6.3)
|   Computer name: Archetype
|   NetBIOS computer name: ARCHETYPE\x00
|   Workgroup: WORKGROUP\x00
|_  System time: 2021-05-30T14:46:17-07:00
| smb-security-mode: 
|   account_used: guest
|   authentication_level: user
|   challenge_response: supported
|_  message_signing: disabled (dangerous, but default)
| smb2-security-mode: 
|   2.02: 
|_    Message signing enabled but not required
| smb2-time: 
|   date: 2021-05-30T21:46:15
|_  start_date: N/A

Service detection performed. Please report any incorrect results at https://nmap.org/submit/ .
Nmap done: 1 IP address (1 host up) scanned in 23.88 seconds
