===============================================================
Gobuster v3.1.0
by OJ Reeves (@TheColonial) & Christian Mehlmauer (@firefart)
===============================================================
[+] Url:                     http://10.10.10.171/
[+] Method:                  GET
[+] Threads:                 10
[+] Wordlist:                /usr/share/wordlists/dirb/big.txt
[+] Negative Status codes:   404
[+] User Agent:              gobuster/3.1.0
[+] Extensions:              txt,php
[+] Timeout:                 10s
===============================================================
2021/07/03 15:43:36 Starting gobuster in directory enumeration mode
===============================================================
/.htpasswd            (Status: 403) [Size: 277]
/.htaccess            (Status: 403) [Size: 277]
/.htpasswd.php        (Status: 403) [Size: 277]
/.htaccess.php        (Status: 403) [Size: 277]
/.htpasswd.txt        (Status: 403) [Size: 277]
/.htaccess.txt        (Status: 403) [Size: 277]
/artwork              (Status: 301) [Size: 314] [--> http://10.10.10.171/artwork/]
/music                (Status: 301) [Size: 312] [--> http://10.10.10.171/music/]  
/server-status        (Status: 403) [Size: 277]                                   
/sierra               (Status: 301) [Size: 313] [--> http://10.10.10.171/sierra/] 
===============================================================
2021/07/03 15:48:14 Finished
===============================================================
