===============================================================
Gobuster v3.1.0
by OJ Reeves (@TheColonial) & Christian Mehlmauer (@firefart)
===============================================================
[+] Url:                     http://10.129.228.14
[+] Method:                  GET
[+] Threads:                 10
[+] Wordlist:                /usr/share/wordlists/dirb/big.txt
[+] Negative Status codes:   404
[+] User Agent:              gobuster/3.1.0
[+] Timeout:                 10s
===============================================================
2021/11/02 15:28:39 Starting gobuster in directory enumeration mode
===============================================================
/api                  (Status: 200) [Size: 93]
/assets               (Status: 301) [Size: 179] [--> /assets/]
/docs                 (Status: 200) [Size: 20720]             
/download             (Status: 301) [Size: 183] [--> /download/]
===============================================================
2021/11/02 15:30:50 Finished
===============================================================
